{"C:\\Users\\Kepler\\Desktop\\tpyescript\\to_do list app\\src\\controllers\\authController.ts": {"path":"C:\\Users\\Kepler\\Desktop\\tpyescript\\to_do list app\\src\\controllers\\authController.ts","statementMap":{"0":{"start":{"line":1,"column":0},"end":{"line":1,"column":40}},"1":{"start":{"line":3,"column":0},"end":{"line":3,"column":45}},"2":{"start":{"line":4,"column":0},"end":{"line":4,"column":28}},"3":{"start":{"line":8,"column":29},"end":{"line":8,"column":71}},"4":{"start":{"line":9,"column":8},"end":{"line":9,"column":45}},"5":{"start":{"line":11,"column":8},"end":{"line":16,"column":9}},"6":{"start":{"line":12,"column":25},"end":{"line":12,"column":61}},"7":{"start":{"line":13,"column":12},"end":{"line":13,"column":99}},"8":{"start":{"line":15,"column":12},"end":{"line":15,"column":81}},"9":{"start":{"line":20,"column":8},"end":{"line":25,"column":9}},"10":{"start":{"line":21,"column":26},"end":{"line":21,"column":48}},"11":{"start":{"line":22,"column":12},"end":{"line":22,"column":103}},"12":{"start":{"line":24,"column":12},"end":{"line":24,"column":79}},"13":{"start":{"line":29,"column":8},"end":{"line":37,"column":9}},"14":{"start":{"line":30,"column":25},"end":{"line":30,"column":68}},"15":{"start":{"line":31,"column":12},"end":{"line":33,"column":13}},"16":{"start":{"line":32,"column":16},"end":{"line":32,"column":78}},"17":{"start":{"line":34,"column":12},"end":{"line":34,"column":97}},"18":{"start":{"line":36,"column":12},"end":{"line":36,"column":78}},"19":{"start":{"line":41,"column":8},"end":{"line":49,"column":9}},"20":{"start":{"line":42,"column":25},"end":{"line":42,"column":77}},"21":{"start":{"line":43,"column":12},"end":{"line":45,"column":13}},"22":{"start":{"line":44,"column":16},"end":{"line":44,"column":80}},"23":{"start":{"line":46,"column":12},"end":{"line":46,"column":99}},"24":{"start":{"line":48,"column":12},"end":{"line":48,"column":81}},"25":{"start":{"line":52,"column":19},"end":{"line":52,"column":70}},"26":{"start":{"line":53,"column":8},"end":{"line":53,"column":null}},"27":{"start":{"line":54,"column":8},"end":{"line":56,"column":9}},"28":{"start":{"line":55,"column":10},"end":{"line":55,"column":null}},"29":{"start":{"line":57,"column":8},"end":{"line":61,"column":9}},"30":{"start":{"line":58,"column":10},"end":{"line":58,"column":24}},"31":{"start":{"line":59,"column":22},"end":{"line":59,"column":59}},"32":{"start":{"line":60,"column":10},"end":{"line":60,"column":91}},"33":{"start":{"line":63,"column":8},"end":{"line":63,"column":null}},"34":{"start":{"line":67,"column":0},"end":{"line":67,"column":30}}},"fnMap":{"0":{"name":"(anonymous_8)","decl":{"start":{"line":7,"column":4},"end":{"line":7,"column":10}},"loc":{"start":{"line":7,"column":64},"end":{"line":17,"column":null}}},"1":{"name":"(anonymous_10)","decl":{"start":{"line":19,"column":4},"end":{"line":19,"column":10}},"loc":{"start":{"line":19,"column":65},"end":{"line":26,"column":null}}},"2":{"name":"(anonymous_12)","decl":{"start":{"line":28,"column":4},"end":{"line":28,"column":10}},"loc":{"start":{"line":28,"column":64},"end":{"line":38,"column":null}}},"3":{"name":"(anonymous_14)","decl":{"start":{"line":40,"column":4},"end":{"line":40,"column":10}},"loc":{"start":{"line":40,"column":67},"end":{"line":50,"column":null}}},"4":{"name":"(anonymous_16)","decl":{"start":{"line":51,"column":4},"end":{"line":51,"column":10}},"loc":{"start":{"line":51,"column":63},"end":{"line":64,"column":null}}}},"branchMap":{"0":{"loc":{"start":{"line":31,"column":12},"end":{"line":33,"column":13}},"type":"if","locations":[{"start":{"line":31,"column":12},"end":{"line":33,"column":13}}]},"1":{"loc":{"start":{"line":43,"column":12},"end":{"line":45,"column":13}},"type":"if","locations":[{"start":{"line":43,"column":12},"end":{"line":45,"column":13}}]},"2":{"loc":{"start":{"line":54,"column":8},"end":{"line":56,"column":9}},"type":"if","locations":[{"start":{"line":54,"column":8},"end":{"line":56,"column":9}}]},"3":{"loc":{"start":{"line":57,"column":8},"end":{"line":61,"column":9}},"type":"if","locations":[{"start":{"line":57,"column":8},"end":{"line":61,"column":9}}]}},"s":{"0":2,"1":2,"2":2,"3":1,"4":1,"5":1,"6":1,"7":1,"8":0,"9":0,"10":0,"11":0,"12":0,"13":0,"14":0,"15":0,"16":0,"17":0,"18":0,"19":0,"20":0,"21":0,"22":0,"23":0,"24":0,"25":0,"26":0,"27":0,"28":0,"29":0,"30":0,"31":0,"32":0,"33":0,"34":2},"f":{"0":1,"1":0,"2":0,"3":0,"4":0},"b":{"0":[0],"1":[0],"2":[0],"3":[0]}}
,"C:\\Users\\Kepler\\Desktop\\tpyescript\\to_do list app\\src\\controllers\\blogController.ts": {"path":"C:\\Users\\Kepler\\Desktop\\tpyescript\\to_do list app\\src\\controllers\\blogController.ts","statementMap":{"0":{"start":{"line":2,"column":0},"end":{"line":2,"column":40}},"1":{"start":{"line":5,"column":4},"end":{"line":20,"column":null}},"2":{"start":{"line":5,"column":80},"end":{"line":20,"column":null}},"3":{"start":{"line":6,"column":8},"end":{"line":19,"column":9}},"4":{"start":{"line":7,"column":58},"end":{"line":7,"column":70}},"5":{"start":{"line":8,"column":25},"end":{"line":13,"column":14}},"6":{"start":{"line":14,"column":12},"end":{"line":14,"column":30}},"7":{"start":{"line":15,"column":12},"end":{"line":15,"column":null}},"8":{"start":{"line":18,"column":12},"end":{"line":18,"column":44}},"9":{"start":{"line":22,"column":4},"end":{"line":30,"column":null}},"10":{"start":{"line":22,"column":80},"end":{"line":30,"column":null}},"11":{"start":{"line":23,"column":8},"end":{"line":29,"column":9}},"12":{"start":{"line":24,"column":26},"end":{"line":24,"column":48}},"13":{"start":{"line":25,"column":12},"end":{"line":25,"column":null}},"14":{"start":{"line":28,"column":12},"end":{"line":28,"column":44}},"15":{"start":{"line":31,"column":4},"end":{"line":40,"column":null}},"16":{"start":{"line":31,"column":77},"end":{"line":40,"column":null}},"17":{"start":{"line":32,"column":8},"end":{"line":39,"column":9}},"18":{"start":{"line":33,"column":27},"end":{"line":33,"column":41}},"19":{"start":{"line":34,"column":25},"end":{"line":34,"column":53}},"20":{"start":{"line":35,"column":12},"end":{"line":35,"column":null}},"21":{"start":{"line":38,"column":12},"end":{"line":38,"column":44}},"22":{"start":{"line":41,"column":4},"end":{"line":61,"column":null}},"23":{"start":{"line":41,"column":80},"end":{"line":61,"column":null}},"24":{"start":{"line":42,"column":8},"end":{"line":60,"column":9}},"25":{"start":{"line":43,"column":27},"end":{"line":43,"column":41}},"26":{"start":{"line":44,"column":59},"end":{"line":44,"column":71}},"27":{"start":{"line":46,"column":25},"end":{"line":46,"column":53}},"28":{"start":{"line":47,"column":12},"end":{"line":55,"column":13}},"29":{"start":{"line":48,"column":16},"end":{"line":48,"column":35}},"30":{"start":{"line":49,"column":16},"end":{"line":49,"column":39}},"31":{"start":{"line":50,"column":16},"end":{"line":50,"column":37}},"32":{"start":{"line":51,"column":16},"end":{"line":51,"column":null}},"33":{"start":{"line":53,"column":16},"end":{"line":53,"column":34}},"34":{"start":{"line":54,"column":16},"end":{"line":54,"column":null}},"35":{"start":{"line":57,"column":12},"end":{"line":57,"column":44}},"36":{"start":{"line":59,"column":12},"end":{"line":59,"column":44}},"37":{"start":{"line":62,"column":4},"end":{"line":71,"column":null}},"38":{"start":{"line":62,"column":80},"end":{"line":71,"column":null}},"39":{"start":{"line":63,"column":8},"end":{"line":70,"column":9}},"40":{"start":{"line":64,"column":27},"end":{"line":64,"column":41}},"41":{"start":{"line":65,"column":12},"end":{"line":65,"column":58}},"42":{"start":{"line":66,"column":12},"end":{"line":66,"column":null}},"43":{"start":{"line":69,"column":12},"end":{"line":69,"column":44}},"44":{"start":{"line":73,"column":0},"end":{"line":73,"column":36}}},"fnMap":{"0":{"name":"(anonymous_8)","decl":{"start":{"line":4,"column":0},"end":{"line":4,"column":6}},"loc":{"start":{"line":4,"column":0},"end":{"line":72,"column":1}}},"1":{"name":"(anonymous_9)","decl":{"start":{"line":5,"column":17},"end":{"line":5,"column":24}},"loc":{"start":{"line":5,"column":80},"end":{"line":20,"column":null}}},"2":{"name":"(anonymous_10)","decl":{"start":{"line":5,"column":80},"end":{"line":5,"column":null}},"loc":{"start":{"line":5,"column":80},"end":{"line":20,"column":5}}},"3":{"name":"(anonymous_11)","decl":{"start":{"line":22,"column":17},"end":{"line":22,"column":24}},"loc":{"start":{"line":22,"column":80},"end":{"line":30,"column":null}}},"4":{"name":"(anonymous_12)","decl":{"start":{"line":22,"column":80},"end":{"line":22,"column":null}},"loc":{"start":{"line":22,"column":80},"end":{"line":30,"column":5}}},"5":{"name":"(anonymous_13)","decl":{"start":{"line":31,"column":14},"end":{"line":31,"column":21}},"loc":{"start":{"line":31,"column":77},"end":{"line":40,"column":null}}},"6":{"name":"(anonymous_14)","decl":{"start":{"line":31,"column":77},"end":{"line":31,"column":null}},"loc":{"start":{"line":31,"column":77},"end":{"line":40,"column":5}}},"7":{"name":"(anonymous_15)","decl":{"start":{"line":41,"column":17},"end":{"line":41,"column":24}},"loc":{"start":{"line":41,"column":80},"end":{"line":61,"column":null}}},"8":{"name":"(anonymous_16)","decl":{"start":{"line":41,"column":80},"end":{"line":41,"column":null}},"loc":{"start":{"line":41,"column":80},"end":{"line":61,"column":5}}},"9":{"name":"(anonymous_17)","decl":{"start":{"line":62,"column":17},"end":{"line":62,"column":24}},"loc":{"start":{"line":62,"column":80},"end":{"line":71,"column":null}}},"10":{"name":"(anonymous_18)","decl":{"start":{"line":62,"column":80},"end":{"line":62,"column":null}},"loc":{"start":{"line":62,"column":80},"end":{"line":71,"column":5}}}},"branchMap":{"0":{"loc":{"start":{"line":47,"column":12},"end":{"line":55,"column":13}},"type":"if","locations":[{"start":{"line":47,"column":12},"end":{"line":55,"column":13}}]}},"s":{"0":2,"1":2,"2":2,"3":2,"4":2,"5":2,"6":2,"7":1,"8":0,"9":2,"10":1,"11":1,"12":1,"13":0,"14":1,"15":2,"16":0,"17":0,"18":0,"19":0,"20":0,"21":0,"22":2,"23":0,"24":0,"25":0,"26":0,"27":0,"28":0,"29":0,"30":0,"31":0,"32":0,"33":0,"34":0,"35":0,"36":0,"37":2,"38":0,"39":0,"40":0,"41":0,"42":0,"43":0,"44":2},"f":{"0":2,"1":2,"2":2,"3":1,"4":1,"5":0,"6":0,"7":0,"8":0,"9":0,"10":0},"b":{"0":[0]}}
,"C:\\Users\\Kepler\\Desktop\\tpyescript\\to_do list app\\src\\controllers\\messegeController.ts": {"path":"C:\\Users\\Kepler\\Desktop\\tpyescript\\to_do list app\\src\\controllers\\messegeController.ts","statementMap":{"0":{"start":{"line":2,"column":0},"end":{"line":2,"column":40}},"1":{"start":{"line":4,"column":4},"end":{"line":19,"column":null}},"2":{"start":{"line":4,"column":83},"end":{"line":19,"column":null}},"3":{"start":{"line":5,"column":8},"end":{"line":18,"column":9}},"4":{"start":{"line":6,"column":52},"end":{"line":6,"column":64}},"5":{"start":{"line":7,"column":29},"end":{"line":12,"column":14}},"6":{"start":{"line":13,"column":12},"end":{"line":13,"column":34}},"7":{"start":{"line":14,"column":12},"end":{"line":14,"column":null}},"8":{"start":{"line":17,"column":12},"end":{"line":17,"column":44}},"9":{"start":{"line":22,"column":4},"end":{"line":30,"column":null}},"10":{"start":{"line":22,"column":83},"end":{"line":30,"column":null}},"11":{"start":{"line":23,"column":8},"end":{"line":29,"column":9}},"12":{"start":{"line":24,"column":29},"end":{"line":24,"column":54}},"13":{"start":{"line":25,"column":12},"end":{"line":25,"column":null}},"14":{"start":{"line":28,"column":12},"end":{"line":28,"column":44}},"15":{"start":{"line":31,"column":4},"end":{"line":40,"column":null}},"16":{"start":{"line":31,"column":80},"end":{"line":40,"column":null}},"17":{"start":{"line":32,"column":8},"end":{"line":39,"column":9}},"18":{"start":{"line":33,"column":27},"end":{"line":33,"column":41}},"19":{"start":{"line":34,"column":28},"end":{"line":34,"column":59}},"20":{"start":{"line":35,"column":12},"end":{"line":35,"column":null}},"21":{"start":{"line":38,"column":12},"end":{"line":38,"column":44}},"22":{"start":{"line":41,"column":4},"end":{"line":50,"column":null}},"23":{"start":{"line":41,"column":83},"end":{"line":50,"column":null}},"24":{"start":{"line":42,"column":8},"end":{"line":49,"column":9}},"25":{"start":{"line":43,"column":27},"end":{"line":43,"column":41}},"26":{"start":{"line":44,"column":12},"end":{"line":44,"column":61}},"27":{"start":{"line":45,"column":12},"end":{"line":45,"column":null}},"28":{"start":{"line":48,"column":12},"end":{"line":48,"column":44}},"29":{"start":{"line":52,"column":0},"end":{"line":52,"column":38}}},"fnMap":{"0":{"name":"(anonymous_8)","decl":{"start":{"line":3,"column":0},"end":{"line":3,"column":6}},"loc":{"start":{"line":3,"column":0},"end":{"line":51,"column":1}}},"1":{"name":"(anonymous_9)","decl":{"start":{"line":4,"column":20},"end":{"line":4,"column":27}},"loc":{"start":{"line":4,"column":83},"end":{"line":19,"column":null}}},"2":{"name":"(anonymous_10)","decl":{"start":{"line":4,"column":83},"end":{"line":4,"column":null}},"loc":{"start":{"line":4,"column":83},"end":{"line":19,"column":5}}},"3":{"name":"(anonymous_11)","decl":{"start":{"line":22,"column":20},"end":{"line":22,"column":27}},"loc":{"start":{"line":22,"column":83},"end":{"line":30,"column":null}}},"4":{"name":"(anonymous_12)","decl":{"start":{"line":22,"column":83},"end":{"line":22,"column":null}},"loc":{"start":{"line":22,"column":83},"end":{"line":30,"column":5}}},"5":{"name":"(anonymous_13)","decl":{"start":{"line":31,"column":17},"end":{"line":31,"column":24}},"loc":{"start":{"line":31,"column":80},"end":{"line":40,"column":null}}},"6":{"name":"(anonymous_14)","decl":{"start":{"line":31,"column":80},"end":{"line":31,"column":null}},"loc":{"start":{"line":31,"column":80},"end":{"line":40,"column":5}}},"7":{"name":"(anonymous_15)","decl":{"start":{"line":41,"column":20},"end":{"line":41,"column":27}},"loc":{"start":{"line":41,"column":83},"end":{"line":50,"column":null}}},"8":{"name":"(anonymous_16)","decl":{"start":{"line":41,"column":83},"end":{"line":41,"column":null}},"loc":{"start":{"line":41,"column":83},"end":{"line":50,"column":5}}}},"branchMap":{},"s":{"0":2,"1":2,"2":1,"3":1,"4":1,"5":1,"6":1,"7":1,"8":0,"9":2,"10":0,"11":0,"12":0,"13":0,"14":0,"15":2,"16":0,"17":0,"18":0,"19":0,"20":0,"21":0,"22":2,"23":0,"24":0,"25":0,"26":0,"27":0,"28":0,"29":2},"f":{"0":2,"1":1,"2":1,"3":0,"4":0,"5":0,"6":0,"7":0,"8":0},"b":{}}
,"C:\\Users\\Kepler\\Desktop\\tpyescript\\to_do list app\\src\\db\\blogModel.ts": {"path":"C:\\Users\\Kepler\\Desktop\\tpyescript\\to_do list app\\src\\db\\blogModel.ts","statementMap":{"0":{"start":{"line":2,"column":0},"end":{"line":2,"column":54}},"1":{"start":{"line":11,"column":27},"end":{"line":16,"column":2}},"2":{"start":{"line":18,"column":18},"end":{"line":18,"column":59}},"3":{"start":{"line":20,"column":0},"end":{"line":20,"column":25}}},"fnMap":{},"branchMap":{},"s":{"0":2,"1":2,"2":2,"3":2},"f":{},"b":{}}
,"C:\\Users\\Kepler\\Desktop\\tpyescript\\to_do list app\\src\\db\\messege.ts": {"path":"C:\\Users\\Kepler\\Desktop\\tpyescript\\to_do list app\\src\\db\\messege.ts","statementMap":{"0":{"start":{"line":1,"column":0},"end":{"line":1,"column":53}},"1":{"start":{"line":9,"column":31},"end":{"line":14,"column":2}},"2":{"start":{"line":16,"column":21},"end":{"line":16,"column":71}},"3":{"start":{"line":18,"column":0},"end":{"line":18,"column":28}}},"fnMap":{},"branchMap":{},"s":{"0":2,"1":2,"2":2,"3":2},"f":{},"b":{}}
,"C:\\Users\\Kepler\\Desktop\\tpyescript\\to_do list app\\src\\db\\userModel.ts": {"path":"C:\\Users\\Kepler\\Desktop\\tpyescript\\to_do list app\\src\\db\\userModel.ts","statementMap":{"0":{"start":{"line":1,"column":0},"end":{"line":1,"column":32}},"1":{"start":{"line":2,"column":19},"end":{"line":33,"column":null}},"2":{"start":{"line":35,"column":18},"end":{"line":35,"column":51}},"3":{"start":{"line":36,"column":0},"end":{"line":36,"column":25}}},"fnMap":{},"branchMap":{},"s":{"0":2,"1":2,"2":2,"3":2},"f":{},"b":{}}
,"C:\\Users\\Kepler\\Desktop\\tpyescript\\to_do list app\\src\\helpers\\tokenAuth.ts": {"path":"C:\\Users\\Kepler\\Desktop\\tpyescript\\to_do list app\\src\\helpers\\tokenAuth.ts","statementMap":{"0":{"start":{"line":1,"column":0},"end":{"line":1,"column":31}},"1":{"start":{"line":2,"column":0},"end":{"line":2,"column":28}},"2":{"start":{"line":3,"column":0},"end":{"line":3,"column":16}},"3":{"start":{"line":7,"column":26},"end":{"line":7,"column":67}},"4":{"start":{"line":8,"column":4},"end":{"line":8,"column":17}},"5":{"start":{"line":12,"column":22},"end":{"line":12,"column":66}},"6":{"start":{"line":13,"column":4},"end":{"line":13,"column":16}},"7":{"start":{"line":17,"column":0},"end":{"line":17,"column":25}}},"fnMap":{"0":{"name":"(anonymous_1)","decl":{"start":{"line":6,"column":2},"end":{"line":6,"column":8}},"loc":{"start":{"line":6,"column":33},"end":{"line":9,"column":3}}},"1":{"name":"(anonymous_2)","decl":{"start":{"line":11,"column":2},"end":{"line":11,"column":8}},"loc":{"start":{"line":11,"column":34},"end":{"line":14,"column":3}}}},"branchMap":{"0":{"loc":{"start":{"line":7,"column":41},"end":{"line":7,"column":66}},"type":"binary-expr","locations":[{"start":{"line":7,"column":41},"end":{"line":7,"column":60}},{"start":{"line":7,"column":64},"end":{"line":7,"column":66}}]},"1":{"loc":{"start":{"line":12,"column":40},"end":{"line":12,"column":65}},"type":"binary-expr","locations":[{"start":{"line":12,"column":40},"end":{"line":12,"column":59}},{"start":{"line":12,"column":63},"end":{"line":12,"column":65}}]}},"s":{"0":2,"1":2,"2":2,"3":0,"4":0,"5":0,"6":0,"7":2},"f":{"0":0,"1":0},"b":{"0":[0,0],"1":[0,0]}}
,"C:\\Users\\Kepler\\Desktop\\tpyescript\\to_do list app\\src\\middleware\\datachecker.ts": {"path":"C:\\Users\\Kepler\\Desktop\\tpyescript\\to_do list app\\src\\middleware\\datachecker.ts","statementMap":{"0":{"start":{"line":2,"column":0},"end":{"line":2,"column":40}},"1":{"start":{"line":6,"column":21},"end":{"line":6,"column":71}},"2":{"start":{"line":7,"column":8},"end":{"line":9,"column":9}},"3":{"start":{"line":8,"column":12},"end":{"line":8,"column":26}},"4":{"start":{"line":10,"column":8},"end":{"line":10,"column":86}},"5":{"start":{"line":14,"column":0},"end":{"line":14,"column":27}}},"fnMap":{"0":{"name":"(anonymous_8)","decl":{"start":{"line":5,"column":11},"end":{"line":5,"column":17}},"loc":{"start":{"line":5,"column":84},"end":{"line":11,"column":null}}}},"branchMap":{"0":{"loc":{"start":{"line":7,"column":8},"end":{"line":9,"column":9}},"type":"if","locations":[{"start":{"line":7,"column":8},"end":{"line":9,"column":9}}]}},"s":{"0":1,"1":0,"2":0,"3":0,"4":0,"5":1},"f":{"0":0},"b":{"0":[0]}}
,"C:\\Users\\Kepler\\Desktop\\tpyescript\\to_do list app\\src\\middleware\\validator.ts": {"path":"C:\\Users\\Kepler\\Desktop\\tpyescript\\to_do list app\\src\\middleware\\validator.ts","statementMap":{"0":{"start":{"line":2,"column":0},"end":{"line":2,"column":60}},"1":{"start":{"line":3,"column":0},"end":{"line":3,"column":40}},"2":{"start":{"line":7,"column":23},"end":{"line":7,"column":44}},"3":{"start":{"line":8,"column":8},"end":{"line":11,"column":9}},"4":{"start":{"line":9,"column":33},"end":{"line":9,"column":69}},"5":{"start":{"line":9,"column":61},"end":{"line":9,"column":68}},"6":{"start":{"line":10,"column":12},"end":{"line":10,"column":67}},"7":{"start":{"line":12,"column":8},"end":{"line":12,"column":22}},"8":{"start":{"line":16,"column":8},"end":{"line":31,"column":10}},"9":{"start":{"line":20,"column":20},"end":{"line":25,"column":27}},"10":{"start":{"line":22,"column":28},"end":{"line":24,"column":29}},"11":{"start":{"line":23,"column":32},"end":{"line":23,"column":86}},"12":{"start":{"line":35,"column":0},"end":{"line":35,"column":25}}},"fnMap":{"0":{"name":"(anonymous_1)","decl":{"start":{"line":6,"column":11},"end":{"line":6,"column":17}},"loc":{"start":{"line":6,"column":79},"end":{"line":13,"column":5}}},"1":{"name":"(anonymous_2)","decl":{"start":{"line":9,"column":52},"end":{"line":9,"column":53}},"loc":{"start":{"line":9,"column":61},"end":{"line":9,"column":68}}},"2":{"name":"(anonymous_3)","decl":{"start":{"line":15,"column":11},"end":{"line":15,"column":17}},"loc":{"start":{"line":15,"column":33},"end":{"line":32,"column":5}}},"3":{"name":"(anonymous_4)","decl":{"start":{"line":19,"column":24},"end":{"line":19,"column":25}},"loc":{"start":{"line":19,"column":34},"end":{"line":26,"column":17}}},"4":{"name":"(anonymous_5)","decl":{"start":{"line":21,"column":30},"end":{"line":21,"column":31}},"loc":{"start":{"line":21,"column":39},"end":{"line":25,"column":25}}}},"branchMap":{"0":{"loc":{"start":{"line":8,"column":8},"end":{"line":11,"column":9}},"type":"if","locations":[{"start":{"line":8,"column":8},"end":{"line":11,"column":9}}]},"1":{"loc":{"start":{"line":22,"column":28},"end":{"line":24,"column":29}},"type":"if","locations":[{"start":{"line":22,"column":28},"end":{"line":24,"column":29}}]},"2":{"loc":{"start":{"line":22,"column":32},"end":{"line":22,"column":55}},"type":"binary-expr","locations":[{"start":{"line":22,"column":32},"end":{"line":22,"column":36}},{"start":{"line":22,"column":40},"end":{"line":22,"column":55}}]}},"s":{"0":1,"1":1,"2":1,"3":1,"4":0,"5":0,"6":0,"7":1,"8":1,"9":0,"10":0,"11":0,"12":1},"f":{"0":1,"1":0,"2":1,"3":0,"4":0},"b":{"0":[0],"1":[0],"2":[0,0]}}
,"C:\\Users\\Kepler\\Desktop\\tpyescript\\to_do list app\\src\\routes\\index.ts": {"path":"C:\\Users\\Kepler\\Desktop\\tpyescript\\to_do list app\\src\\routes\\index.ts","statementMap":{"0":{"start":{"line":124,"column":0},"end":{"line":124,"column":42}},"1":{"start":{"line":126,"column":0},"end":{"line":126,"column":63}},"2":{"start":{"line":127,"column":0},"end":{"line":127,"column":59}},"3":{"start":{"line":128,"column":0},"end":{"line":128,"column":59}},"4":{"start":{"line":129,"column":0},"end":{"line":129,"column":48}},"5":{"start":{"line":130,"column":0},"end":{"line":130,"column":52}},"6":{"start":{"line":136,"column":23},"end":{"line":136,"column":39}},"7":{"start":{"line":147,"column":0},"end":{"line":149,"column":57}},"8":{"start":{"line":150,"column":0},"end":{"line":150,"column":48}},"9":{"start":{"line":151,"column":0},"end":{"line":151,"column":49}},"10":{"start":{"line":152,"column":0},"end":{"line":152,"column":52}},"11":{"start":{"line":153,"column":0},"end":{"line":153,"column":55}},"12":{"start":{"line":290,"column":0},"end":{"line":290,"column":48}},"13":{"start":{"line":292,"column":0},"end":{"line":292,"column":128}},"14":{"start":{"line":293,"column":0},"end":{"line":293,"column":51}},"15":{"start":{"line":294,"column":0},"end":{"line":294,"column":48}},"16":{"start":{"line":295,"column":0},"end":{"line":295,"column":57}},"17":{"start":{"line":299,"column":0},"end":{"line":299,"column":null}},"18":{"start":{"line":300,"column":0},"end":{"line":300,"column":null}},"19":{"start":{"line":301,"column":0},"end":{"line":301,"column":null}},"20":{"start":{"line":302,"column":0},"end":{"line":302,"column":null}},"21":{"start":{"line":305,"column":0},"end":{"line":305,"column":22}}},"fnMap":{},"branchMap":{},"s":{"0":1,"1":1,"2":1,"3":1,"4":1,"5":1,"6":1,"7":1,"8":1,"9":1,"10":1,"11":1,"12":1,"13":1,"14":1,"15":1,"16":1,"17":1,"18":1,"19":1,"20":1,"21":1},"f":{},"b":{}}
}
