TN:
SF:src\controllers\authController.ts
FN:7,(anonymous_8)
FN:19,(anonymous_10)
FN:28,(anonymous_12)
FN:40,(anonymous_14)
FN:51,(anonymous_16)
FNF:5
FNH:1
FNDA:1,(anonymous_8)
FNDA:0,(anonymous_10)
FNDA:0,(anonymous_12)
FNDA:0,(anonymous_14)
FNDA:0,(anonymous_16)
DA:1,2
DA:3,2
DA:4,2
DA:8,1
DA:9,1
DA:11,1
DA:12,1
DA:13,1
DA:15,0
DA:20,0
DA:21,0
DA:22,0
DA:24,0
DA:29,0
DA:30,0
DA:31,0
DA:32,0
DA:34,0
DA:36,0
DA:41,0
DA:42,0
DA:43,0
DA:44,0
DA:46,0
DA:48,0
DA:52,0
DA:53,0
DA:54,0
DA:55,0
DA:57,0
DA:58,0
DA:59,0
DA:60,0
DA:63,0
DA:67,2
LF:35
LH:9
BRDA:31,0,0,0
BRDA:43,1,0,0
BRDA:54,2,0,0
BRDA:57,3,0,0
BRF:4
BRH:0
end_of_record
TN:
SF:src\controllers\blogController.ts
FN:4,(anonymous_8)
FN:5,(anonymous_9)
FN:5,(anonymous_10)
FN:22,(anonymous_11)
FN:22,(anonymous_12)
FN:31,(anonymous_13)
FN:31,(anonymous_14)
FN:41,(anonymous_15)
FN:41,(anonymous_16)
FN:62,(anonymous_17)
FN:62,(anonymous_18)
FNF:11
FNH:5
FNDA:2,(anonymous_8)
FNDA:2,(anonymous_9)
FNDA:2,(anonymous_10)
FNDA:1,(anonymous_11)
FNDA:1,(anonymous_12)
FNDA:0,(anonymous_13)
FNDA:0,(anonymous_14)
FNDA:0,(anonymous_15)
FNDA:0,(anonymous_16)
FNDA:0,(anonymous_17)
FNDA:0,(anonymous_18)
DA:2,2
DA:5,2
DA:6,2
DA:7,2
DA:8,2
DA:14,2
DA:15,1
DA:18,0
DA:22,2
DA:23,1
DA:24,1
DA:25,0
DA:28,1
DA:31,2
DA:32,0
DA:33,0
DA:34,0
DA:35,0
DA:38,0
DA:41,2
DA:42,0
DA:43,0
DA:44,0
DA:46,0
DA:47,0
DA:48,0
DA:49,0
DA:50,0
DA:51,0
DA:53,0
DA:54,0
DA:57,0
DA:59,0
DA:62,2
DA:63,0
DA:64,0
DA:65,0
DA:66,0
DA:69,0
DA:73,2
LF:40
LH:15
BRDA:47,0,0,0
BRF:1
BRH:0
end_of_record
TN:
SF:src\controllers\messegeController.ts
FN:3,(anonymous_8)
FN:4,(anonymous_9)
FN:4,(anonymous_10)
FN:22,(anonymous_11)
FN:22,(anonymous_12)
FN:31,(anonymous_13)
FN:31,(anonymous_14)
FN:41,(anonymous_15)
FN:41,(anonymous_16)
FNF:9
FNH:3
FNDA:2,(anonymous_8)
FNDA:1,(anonymous_9)
FNDA:1,(anonymous_10)
FNDA:0,(anonymous_11)
FNDA:0,(anonymous_12)
FNDA:0,(anonymous_13)
FNDA:0,(anonymous_14)
FNDA:0,(anonymous_15)
FNDA:0,(anonymous_16)
DA:2,2
DA:4,2
DA:5,1
DA:6,1
DA:7,1
DA:13,1
DA:14,1
DA:17,0
DA:22,2
DA:23,0
DA:24,0
DA:25,0
DA:28,0
DA:31,2
DA:32,0
DA:33,0
DA:34,0
DA:35,0
DA:38,0
DA:41,2
DA:42,0
DA:43,0
DA:44,0
DA:45,0
DA:48,0
DA:52,2
LF:26
LH:11
BRF:0
BRH:0
end_of_record
TN:
SF:src\db\blogModel.ts
FNF:0
FNH:0
DA:2,2
DA:11,2
DA:18,2
DA:20,2
LF:4
LH:4
BRF:0
BRH:0
end_of_record
TN:
SF:src\db\messege.ts
FNF:0
FNH:0
DA:1,2
DA:9,2
DA:16,2
DA:18,2
LF:4
LH:4
BRF:0
BRH:0
end_of_record
TN:
SF:src\db\userModel.ts
FNF:0
FNH:0
DA:1,2
DA:2,2
DA:35,2
DA:36,2
LF:4
LH:4
BRF:0
BRH:0
end_of_record
TN:
SF:src\helpers\tokenAuth.ts
FN:6,(anonymous_1)
FN:11,(anonymous_2)
FNF:2
FNH:0
FNDA:0,(anonymous_1)
FNDA:0,(anonymous_2)
DA:1,2
DA:2,2
DA:3,2
DA:7,0
DA:8,0
DA:12,0
DA:13,0
DA:17,2
LF:8
LH:4
BRDA:7,0,0,0
BRDA:7,0,1,0
BRDA:12,1,0,0
BRDA:12,1,1,0
BRF:4
BRH:0
end_of_record
TN:
SF:src\middleware\datachecker.ts
FN:5,(anonymous_8)
FNF:1
FNH:0
FNDA:0,(anonymous_8)
DA:2,1
DA:6,0
DA:7,0
DA:8,0
DA:10,0
DA:14,1
LF:6
LH:2
BRDA:7,0,0,0
BRF:1
BRH:0
end_of_record
TN:
SF:src\middleware\validator.ts
FN:6,(anonymous_1)
FN:9,(anonymous_2)
FN:15,(anonymous_3)
FN:19,(anonymous_4)
FN:21,(anonymous_5)
FNF:5
FNH:2
FNDA:1,(anonymous_1)
FNDA:0,(anonymous_2)
FNDA:1,(anonymous_3)
FNDA:0,(anonymous_4)
FNDA:0,(anonymous_5)
DA:2,1
DA:3,1
DA:7,1
DA:8,1
DA:9,0
DA:10,0
DA:12,1
DA:16,1
DA:20,0
DA:22,0
DA:23,0
DA:35,1
LF:12
LH:7
BRDA:8,0,0,0
BRDA:22,1,0,0
BRDA:22,2,0,0
BRDA:22,2,1,0
BRF:4
BRH:0
end_of_record
TN:
SF:src\routes\index.ts
FNF:0
FNH:0
DA:124,1
DA:126,1
DA:127,1
DA:128,1
DA:129,1
DA:130,1
DA:136,1
DA:147,1
DA:150,1
DA:151,1
DA:152,1
DA:153,1
DA:290,1
DA:292,1
DA:293,1
DA:294,1
DA:295,1
DA:299,1
DA:300,1
DA:301,1
DA:302,1
DA:305,1
LF:22
LH:22
BRF:0
BRH:0
end_of_record
